21:41:38 **** Incremental Build of configuration Debug for project Tema5_VectoresYFunciones_5-2 ****
make all 
Building file: ../src/Funciones.c
Invoking: GCC C Compiler
gcc -O0 -g3 -Wall -c -fmessage-length=0 -MMD -MP -MF"src/Funciones.d" -MT"src/Funciones.o" -o "src/Funciones.o" "../src/Funciones.c"
Finished building: ../src/Funciones.c
 
Building file: ../src/Tema5_VectoresYFunciones_5-2.c
Invoking: GCC C Compiler
gcc -O0 -g3 -Wall -c -fmessage-length=0 -MMD -MP -MF"src/Tema5_VectoresYFunciones_5-2.d" -MT"src/Tema5_VectoresYFunciones_5-2.o" -o "src/Tema5_VectoresYFunciones_5-2.o" "../src/Tema5_VectoresYFunciones_5-2.c"
../src/Tema5_VectoresYFunciones_5-2.c: In function ‘main’:
../src/Tema5_VectoresYFunciones_5-2.c:35:6: warning: variable ‘vectorNumerosDeLasPosicionesImpares’ set but not used [-Wunused-but-set-variable]
   35 |  int vectorNumerosDeLasPosicionesImpares[VECTOR_LEN];
      |      ^~~~~~~~~~~~~~~~~~~~~~~~~~~~~~~~~~~
../src/Tema5_VectoresYFunciones_5-2.c:33:6: warning: variable ‘vectorNumeroIngresado’ set but not used [-Wunused-but-set-variable]
   33 |  int vectorNumeroIngresado [VECTOR_LEN];
      |      ^~~~~~~~~~~~~~~~~~~~~
Finished building: ../src/Tema5_VectoresYFunciones_5-2.c
 
Building target: Tema5_VectoresYFunciones_5-2
Invoking: GCC C Linker
gcc  -o "Tema5_VectoresYFunciones_5-2"  ./src/Funciones.o ./src/Tema5_VectoresYFunciones_5-2.o   
Finished building target: Tema5_VectoresYFunciones_5-2
 

21:41:39 Build Finished. 0 errors, 2 warnings. (took 684ms)

